<?xml version="1.0" encoding="UTF-8"?>
<!-- Generated by org.testng.reporters.JUnitXMLReporter -->
<testsuite ignored="0" hostname="Godsways-MBP" failures="0" tests="6" name="invalid tests" time="30.623" errors="0" timestamp="2023-09-18T23:52:03 GMT">
  <testcase classname="tests.InvalidCredentials" name="emailAndNoPassword" time="2.397"/>
  <testcase classname="tests.InvalidCredentials" name="invalidEmailInvalidPassword" time="3.838"/>
  <testcase classname="tests.InvalidCredentials" name="invalidEmailValidPassword" time="3.635"/>
  <testcase classname="tests.InvalidCredentials" name="noEmailAndPassword" time="2.294"/>
  <testcase classname="tests.InvalidCredentials" name="passwordAndNoEmail" time="2.383"/>
  <testcase classname="tests.InvalidCredentials" name="validEmailInvalidPassword" time="3.6"/>
</testsuite> <!-- invalid tests -->
